<?xml version="1.0" encoding="UTF-8"?>
<!-- Generated by org.testng.reporters.JUnitXMLReporter -->
<testsuite hostname="ICT-233L" ignored="0" name="Command line test" tests="8" failures="1" timestamp="11 Jul 2018 08:00:49 GMT" time="0.042" errors="0">
  <testcase name="add" time="0.002" classname="demo.playground.DataUsingJavaArrayTC"/>
  <testcase name="add" time="0.0" classname="demo.playground.DataUsingJavaArrayTC"/>
  <testcase name="div" time="0.0" classname="demo.playground.DataUsingJavaArrayTC">
    <failure type="java.lang.ArithmeticException">
      <![CDATA[java.lang.ArithmeticException
	at com.testingng.Calculator.calculate(Calculator.java:21)
	at demo.playground.DataUsingJavaArrayTC.div(DataUsingJavaArrayTC.java:68)
... Removed 34 stack frames]]>
    </failure>
  </testcase> <!-- div -->
  <testcase name="div" time="0.001" classname="demo.playground.DataUsingJavaArrayTC"/>
  <testcase name="mult" time="0.0" classname="demo.playground.DataUsingJavaArrayTC"/>
  <testcase name="mult" time="0.0" classname="demo.playground.DataUsingJavaArrayTC"/>
  <testcase name="sub" time="0.001" classname="demo.playground.DataUsingJavaArrayTC"/>
  <testcase name="sub" time="0.001" classname="demo.playground.DataUsingJavaArrayTC"/>
</testsuite> <!-- Command line test -->
