<?xml version="1.0" encoding="UTF-8"?>
<!-- Generated by org.testng.reporters.JUnitXMLReporter -->
<testsuite hostname="ICT-233L" ignored="0" name="Command line test" tests="20" failures="5" timestamp="11 Jul 2018 09:43:11 GMT" time="0.785" errors="0">
  <testcase name="add" time="0.003" classname="demo.playground.DataUsingExcelTC"/>
  <testcase name="add" time="0.0" classname="demo.playground.DataUsingExcelTC"/>
  <testcase name="add" time="0.0" classname="demo.playground.DataUsingExcelTC"/>
  <testcase name="add" time="0.0" classname="demo.playground.DataUsingExcelTC"/>
  <testcase name="add" time="0.0" classname="demo.playground.DataUsingExcelTC"/>
  <testcase name="div" time="0.001" classname="demo.playground.DataUsingExcelTC">
    <failure type="java.lang.AssertionError" message="expected [1.5] but found [-1]">
      <![CDATA[java.lang.AssertionError: expected [1.5] but found [-1]
	at demo.playground.DataUsingExcelTC.div(DataUsingExcelTC.java:85)
... Removed 39 stack frames]]>
    </failure>
  </testcase> <!-- div -->
  <testcase name="div" time="0.0" classname="demo.playground.DataUsingExcelTC">
    <failure type="java.lang.AssertionError" message="expected [0.2] but found [-1]">
      <![CDATA[java.lang.AssertionError: expected [0.2] but found [-1]
	at demo.playground.DataUsingExcelTC.div(DataUsingExcelTC.java:85)
... Removed 39 stack frames]]>
    </failure>
  </testcase> <!-- div -->
  <testcase name="div" time="0.001" classname="demo.playground.DataUsingExcelTC">
    <failure type="java.lang.AssertionError" message="expected [9.672276350752879E-5] but found [-1]">
      <![CDATA[java.lang.AssertionError: expected [9.672276350752879E-5] but found [-1]
	at demo.playground.DataUsingExcelTC.div(DataUsingExcelTC.java:85)
... Removed 39 stack frames]]>
    </failure>
  </testcase> <!-- div -->
  <testcase name="div" time="0.0" classname="demo.playground.DataUsingExcelTC">
    <failure type="java.lang.AssertionError" message="expected [1.8333333333333333] but found [-1]">
      <![CDATA[java.lang.AssertionError: expected [1.8333333333333333] but found [-1]
	at demo.playground.DataUsingExcelTC.div(DataUsingExcelTC.java:85)
... Removed 39 stack frames]]>
    </failure>
  </testcase> <!-- div -->
  <testcase name="div" time="0.0" classname="demo.playground.DataUsingExcelTC">
    <failure type="java.lang.AssertionError" message="expected [2400000.0] but found [-1]">
      <![CDATA[java.lang.AssertionError: expected [2400000.0] but found [-1]
	at demo.playground.DataUsingExcelTC.div(DataUsingExcelTC.java:85)
... Removed 39 stack frames]]>
    </failure>
  </testcase> <!-- div -->
  <testcase name="mult" time="0.0" classname="demo.playground.DataUsingExcelTC"/>
  <testcase name="mult" time="0.001" classname="demo.playground.DataUsingExcelTC"/>
  <testcase name="mult" time="0.0" classname="demo.playground.DataUsingExcelTC"/>
  <testcase name="mult" time="0.001" classname="demo.playground.DataUsingExcelTC"/>
  <testcase name="mult" time="0.0" classname="demo.playground.DataUsingExcelTC"/>
  <testcase name="sub" time="0.0" classname="demo.playground.DataUsingExcelTC"/>
  <testcase name="sub" time="0.001" classname="demo.playground.DataUsingExcelTC"/>
  <testcase name="sub" time="0.0" classname="demo.playground.DataUsingExcelTC"/>
  <testcase name="sub" time="0.0" classname="demo.playground.DataUsingExcelTC"/>
  <testcase name="sub" time="0.0" classname="demo.playground.DataUsingExcelTC"/>
</testsuite> <!-- Command line test -->
