<?xml version="1.0" encoding="UTF-8"?>
<!-- Generated by org.testng.reporters.JUnitXMLReporter -->
<testsuite hostname="ICT-233L" ignored="0" name="Functional Testing" tests="24" failures="0" timestamp="16 Jul 2018 06:54:51 GMT" time="0.883" errors="0">
  <testcase name="add" time="0.021" classname="demo.playground.DataUsingExcelTC"/>
  <testcase name="add" time="0.0" classname="demo.playground.DataUsingExcelTC"/>
  <testcase name="add" time="0.0" classname="demo.playground.DataUsingExcelTC"/>
  <testcase name="add" time="0.0" classname="demo.playground.DataUsingExcelTC"/>
  <testcase name="add" time="0.001" classname="demo.playground.DataUsingExcelTC"/>
  <testcase name="add" time="0.0" classname="demo.playground.DataUsingExcelTC"/>
  <testcase name="div" time="0.0" classname="demo.playground.DataUsingExcelTC"/>
  <testcase name="div" time="0.0" classname="demo.playground.DataUsingExcelTC"/>
  <testcase name="div" time="0.001" classname="demo.playground.DataUsingExcelTC"/>
  <testcase name="div" time="0.0" classname="demo.playground.DataUsingExcelTC"/>
  <testcase name="div" time="0.0" classname="demo.playground.DataUsingExcelTC"/>
  <testcase name="div" time="0.001" classname="demo.playground.DataUsingExcelTC"/>
  <testcase name="mult" time="0.001" classname="demo.playground.DataUsingExcelTC"/>
  <testcase name="mult" time="0.001" classname="demo.playground.DataUsingExcelTC"/>
  <testcase name="mult" time="0.0" classname="demo.playground.DataUsingExcelTC"/>
  <testcase name="mult" time="0.001" classname="demo.playground.DataUsingExcelTC"/>
  <testcase name="mult" time="0.0" classname="demo.playground.DataUsingExcelTC"/>
  <testcase name="mult" time="0.0" classname="demo.playground.DataUsingExcelTC"/>
  <testcase name="sub" time="0.0" classname="demo.playground.DataUsingExcelTC"/>
  <testcase name="sub" time="0.001" classname="demo.playground.DataUsingExcelTC"/>
  <testcase name="sub" time="0.0" classname="demo.playground.DataUsingExcelTC"/>
  <testcase name="sub" time="0.0" classname="demo.playground.DataUsingExcelTC"/>
  <testcase name="sub" time="0.0" classname="demo.playground.DataUsingExcelTC"/>
  <testcase name="sub" time="0.0" classname="demo.playground.DataUsingExcelTC"/>
</testsuite> <!-- Functional Testing -->
