<?xml version="1.0" encoding="UTF-8"?>
<!-- Generated by org.testng.reporters.JUnitXMLReporter -->
<testsuite hostname="ICT-233L" ignored="0" name="Command line test" tests="20" failures="0" timestamp="11 Jul 2018 09:54:16 GMT" time="0.799" errors="0">
  <testcase name="add" time="0.002" classname="demo.playground.DataUsingExcelComparisonsTC"/>
  <testcase name="add" time="0.0" classname="demo.playground.DataUsingExcelComparisonsTC"/>
  <testcase name="add" time="0.0" classname="demo.playground.DataUsingExcelComparisonsTC"/>
  <testcase name="add" time="0.0" classname="demo.playground.DataUsingExcelComparisonsTC"/>
  <testcase name="add" time="0.0" classname="demo.playground.DataUsingExcelComparisonsTC"/>
  <testcase name="div" time="0.0" classname="demo.playground.DataUsingExcelComparisonsTC"/>
  <testcase name="div" time="0.0" classname="demo.playground.DataUsingExcelComparisonsTC"/>
  <testcase name="div" time="0.0" classname="demo.playground.DataUsingExcelComparisonsTC"/>
  <testcase name="div" time="0.001" classname="demo.playground.DataUsingExcelComparisonsTC"/>
  <testcase name="div" time="0.0" classname="demo.playground.DataUsingExcelComparisonsTC"/>
  <testcase name="mult" time="0.0" classname="demo.playground.DataUsingExcelComparisonsTC"/>
  <testcase name="mult" time="0.0" classname="demo.playground.DataUsingExcelComparisonsTC"/>
  <testcase name="mult" time="0.001" classname="demo.playground.DataUsingExcelComparisonsTC"/>
  <testcase name="mult" time="0.0" classname="demo.playground.DataUsingExcelComparisonsTC"/>
  <testcase name="mult" time="0.001" classname="demo.playground.DataUsingExcelComparisonsTC"/>
  <testcase name="sub" time="0.0" classname="demo.playground.DataUsingExcelComparisonsTC"/>
  <testcase name="sub" time="0.0" classname="demo.playground.DataUsingExcelComparisonsTC"/>
  <testcase name="sub" time="0.001" classname="demo.playground.DataUsingExcelComparisonsTC"/>
  <testcase name="sub" time="0.001" classname="demo.playground.DataUsingExcelComparisonsTC"/>
  <testcase name="sub" time="0.0" classname="demo.playground.DataUsingExcelComparisonsTC"/>
</testsuite> <!-- Command line test -->
