<?xml version="1.0" encoding="UTF-8"?>
<!-- Generated by org.testng.reporters.JUnitXMLReporter -->
<testsuite hostname="ICT-233L" ignored="0" name="Command line test" tests="8" failures="8" timestamp="11 Jul 2018 07:56:52 GMT" time="0.048" errors="0">
  <testcase name="add" time="0.002" classname="demo.test.DataUsingJavaArrayTC">
    <failure type="java.lang.NoClassDefFoundError" message="demo/playground/Calculator">
      <![CDATA[java.lang.NoClassDefFoundError: demo/playground/Calculator
	at demo.test.DataUsingJavaArrayTC.add(DataUsingJavaArrayTC.java:53)
Caused by: java.lang.ClassNotFoundException: demo.playground.Calculator
	at java.net.URLClassLoader.findClass(URLClassLoader.java:381)
	at java.lang.ClassLoader.loadClass(ClassLoader.java:424)
	at sun.misc.Launcher$AppClassLoader.loadClass(Launcher.java:338)
	at java.lang.ClassLoader.loadClass(ClassLoader.java:357)
	... 35 more
... Removed 34 stack frames]]>
    </failure>
  </testcase> <!-- add -->
  <testcase name="add" time="0.0" classname="demo.test.DataUsingJavaArrayTC">
    <failure type="java.lang.NoClassDefFoundError" message="demo/playground/Calculator">
      <![CDATA[java.lang.NoClassDefFoundError: demo/playground/Calculator
	at demo.test.DataUsingJavaArrayTC.add(DataUsingJavaArrayTC.java:53)
... Removed 34 stack frames]]>
    </failure>
  </testcase> <!-- add -->
  <testcase name="div" time="0.001" classname="demo.test.DataUsingJavaArrayTC">
    <failure type="java.lang.NoClassDefFoundError" message="demo/playground/Calculator">
      <![CDATA[java.lang.NoClassDefFoundError: demo/playground/Calculator
	at demo.test.DataUsingJavaArrayTC.div(DataUsingJavaArrayTC.java:68)
... Removed 34 stack frames]]>
    </failure>
  </testcase> <!-- div -->
  <testcase name="div" time="0.0" classname="demo.test.DataUsingJavaArrayTC">
    <failure type="java.lang.NoClassDefFoundError" message="demo/playground/Calculator">
      <![CDATA[java.lang.NoClassDefFoundError: demo/playground/Calculator
	at demo.test.DataUsingJavaArrayTC.div(DataUsingJavaArrayTC.java:68)
... Removed 34 stack frames]]>
    </failure>
  </testcase> <!-- div -->
  <testcase name="mult" time="0.0" classname="demo.test.DataUsingJavaArrayTC">
    <failure type="java.lang.NoClassDefFoundError" message="demo/playground/Calculator">
      <![CDATA[java.lang.NoClassDefFoundError: demo/playground/Calculator
	at demo.test.DataUsingJavaArrayTC.mult(DataUsingJavaArrayTC.java:58)
... Removed 34 stack frames]]>
    </failure>
  </testcase> <!-- mult -->
  <testcase name="mult" time="0.0" classname="demo.test.DataUsingJavaArrayTC">
    <failure type="java.lang.NoClassDefFoundError" message="demo/playground/Calculator">
      <![CDATA[java.lang.NoClassDefFoundError: demo/playground/Calculator
	at demo.test.DataUsingJavaArrayTC.mult(DataUsingJavaArrayTC.java:58)
... Removed 34 stack frames]]>
    </failure>
  </testcase> <!-- mult -->
  <testcase name="sub" time="0.001" classname="demo.test.DataUsingJavaArrayTC">
    <failure type="java.lang.NoClassDefFoundError" message="demo/playground/Calculator">
      <![CDATA[java.lang.NoClassDefFoundError: demo/playground/Calculator
	at demo.test.DataUsingJavaArrayTC.sub(DataUsingJavaArrayTC.java:63)
... Removed 34 stack frames]]>
    </failure>
  </testcase> <!-- sub -->
  <testcase name="sub" time="0.001" classname="demo.test.DataUsingJavaArrayTC">
    <failure type="java.lang.NoClassDefFoundError" message="demo/playground/Calculator">
      <![CDATA[java.lang.NoClassDefFoundError: demo/playground/Calculator
	at demo.test.DataUsingJavaArrayTC.sub(DataUsingJavaArrayTC.java:63)
... Removed 34 stack frames]]>
    </failure>
  </testcase> <!-- sub -->
</testsuite> <!-- Command line test -->
