-------------------------------------------------------------------------------
Test set: demo.test.DataUsingJavaArrayTC
-------------------------------------------------------------------------------
Tests run: 8, Failures: 8, Errors: 0, Skipped: 0, Time elapsed: 0.664 sec <<< FAILURE!
add(demo.test.DataUsingJavaArrayTC)  Time elapsed: 0.013 sec  <<< FAILURE!
java.lang.NoClassDefFoundError: demo/playground/Calculator
	at demo.test.DataUsingJavaArrayTC.add(DataUsingJavaArrayTC.java:53)
Caused by: java.lang.ClassNotFoundException: demo.playground.Calculator
	at java.net.URLClassLoader.findClass(URLClassLoader.java:381)
	at java.lang.ClassLoader.loadClass(ClassLoader.java:424)
	at sun.misc.Launcher$AppClassLoader.loadClass(Launcher.java:338)
	at java.lang.ClassLoader.loadClass(ClassLoader.java:357)
	... 35 more
add(demo.test.DataUsingJavaArrayTC)  Time elapsed: 0 sec  <<< FAILURE!
java.lang.NoClassDefFoundError: demo/playground/Calculator
	at demo.test.DataUsingJavaArrayTC.add(DataUsingJavaArrayTC.java:53)
div(demo.test.DataUsingJavaArrayTC)  Time elapsed: 0 sec  <<< FAILURE!
java.lang.NoClassDefFoundError: demo/playground/Calculator
	at demo.test.DataUsingJavaArrayTC.div(DataUsingJavaArrayTC.java:68)
div(demo.test.DataUsingJavaArrayTC)  Time elapsed: 0 sec  <<< FAILURE!
java.lang.NoClassDefFoundError: demo/playground/Calculator
	at demo.test.DataUsingJavaArrayTC.div(DataUsingJavaArrayTC.java:68)
mult(demo.test.DataUsingJavaArrayTC)  Time elapsed: 0.002 sec  <<< FAILURE!
java.lang.NoClassDefFoundError: demo/playground/Calculator
	at demo.test.DataUsingJavaArrayTC.mult(DataUsingJavaArrayTC.java:58)
mult(demo.test.DataUsingJavaArrayTC)  Time elapsed: 0.001 sec  <<< FAILURE!
java.lang.NoClassDefFoundError: demo/playground/Calculator
	at demo.test.DataUsingJavaArrayTC.mult(DataUsingJavaArrayTC.java:58)
sub(demo.test.DataUsingJavaArrayTC)  Time elapsed: 0.001 sec  <<< FAILURE!
java.lang.NoClassDefFoundError: demo/playground/Calculator
	at demo.test.DataUsingJavaArrayTC.sub(DataUsingJavaArrayTC.java:63)
sub(demo.test.DataUsingJavaArrayTC)  Time elapsed: 0.003 sec  <<< FAILURE!
java.lang.NoClassDefFoundError: demo/playground/Calculator
	at demo.test.DataUsingJavaArrayTC.sub(DataUsingJavaArrayTC.java:63)
